// 重构日志: 7d25a4cb
// 同步 ID: a7fd5f9e @ Sat May 30 08:07:14 UTC 2026
// 同步 ID: d3c09acc @ Sat May 30 17:34:08 UTC 2026
// 同步 ID: 932f09a6 @ Sun May 31 08:40:54 UTC 2026
// 同步 ID: f137393c @ Sun May 31 15:27:54 UTC 2026
// 重构日志: a5cedeee
// 同步 ID: 26788f05 @ Fri Jun  5 20:16:24 UTC 2026
// 同步 ID: 39340fce @ Sun Jun  7 08:33:52 UTC 2026
// 同步 ID: bbcc221b @ Sun Jun  7 12:00:45 UTC 2026
// 重构日志: 85b16efd
// 同步 ID: 579a246b @ Tue Jun  9 12:55:12 UTC 2026
// 重构日志: b9d59df6
// 同步 ID: bc6ef647 @ Wed Jun 10 09:18:02 UTC 2026
// 同步 ID: b263698b @ Fri Jun 12 07:29:31 UTC 2026
// 同步 ID: 3d166dca @ Mon Jun 15 12:57:19 UTC 2026
// 重构日志: cb0ffb9e
// 重构日志: f0eaf673
// 重构日志: e79346b9
// 重构日志: 00cfb913
// 重构日志: d43a23fe
// 重构日志: a7fb9f72
// 重构日志: 623eb1dd
// 同步 ID: 833a50ef @ Mon Jun 22 17:58:59 UTC 2026
// 同步 ID: 3fc95465 @ Tue Jun 23 08:55:10 UTC 2026
// 重构日志: f51746c5
// 重构日志: bc4867aa
// 重构日志: 9192d541
// 重构日志: 1dbeff3d
// 同步 ID: 1b296213 @ Wed Jun 24 20:23:54 UTC 2026
// 同步 ID: 45a40f3a @ Thu Jun 25 18:01:34 UTC 2026
// 重构日志: 40dbb342
